::1 - - [21/Nov/2017:23:14:28 +0000] "GET /chofer HTTP/1.1" 200 50818 "-" "Mozilla/5.0 (X11; Linux x86_64) AppleWebKit/537.36 (KHTML, like Gecko) Chrome/62.0.3202.89 Safari/537.36"
::1 - - [21/Nov/2017:23:19:13 +0000] "GET /chofer HTTP/1.1" 200 50818 "-" "Mozilla/5.0 (X11; Linux x86_64) AppleWebKit/537.36 (KHTML, like Gecko) Chrome/62.0.3202.89 Safari/537.36"
::1 - - [21/Nov/2017:23:21:07 +0000] "GET /chofer HTTP/1.1" 200 50818 "-" "Mozilla/5.0 (X11; Linux x86_64) AppleWebKit/537.36 (KHTML, like Gecko) Chrome/62.0.3202.89 Safari/537.36"
::1 - GET /chofer 200 - 50818 - 131.968 ms
::1 - - [21/Nov/2017:23:23:15 +0000] "GET /chofer HTTP/1.1" 200 50818 "-" "Mozilla/5.0 (X11; Linux x86_64) AppleWebKit/537.36 (KHTML, like Gecko) Chrome/62.0.3202.89 Safari/537.36"
::1 - - [21/Nov/2017:23:28:43 +0000] "GET /chofer HTTP/1.1" 200 50818 "-" "Mozilla/5.0 (X11; Linux x86_64) AppleWebKit/537.36 (KHTML, like Gecko) Chrome/62.0.3202.89 Safari/537.36"
::1 - - [30/Nov/2017:19:04:28 +0000] "GET /chofer HTTP/1.1" 200 50818 "-" "Mozilla/5.0 (Windows NT 6.1; Win64; x64) AppleWebKit/537.36 (KHTML, like Gecko) Chrome/62.0.3202.94 Safari/537.36"
::1 - - [30/Nov/2017:19:04:29 +0000] "GET /favicon.ico HTTP/1.1" 404 3311 "http://localhost:3000/chofer" "Mozilla/5.0 (Windows NT 6.1; Win64; x64) AppleWebKit/537.36 (KHTML, like Gecko) Chrome/62.0.3202.94 Safari/537.36"
::1 - - [30/Nov/2017:19:58:18 +0000] "POST /login HTTP/1.1" 500 37 "-" "PostmanRuntime/6.4.1"
::1 - - [30/Nov/2017:19:58:47 +0000] "POST /login HTTP/1.1" 500 37 "-" "PostmanRuntime/6.4.1"
::1 - - [30/Nov/2017:19:58:53 +0000] "POST /login HTTP/1.1" 500 37 "-" "PostmanRuntime/6.4.1"
::1 - - [30/Nov/2017:19:59:02 +0000] "POST /login HTTP/1.1" 500 37 "-" "PostmanRuntime/6.4.1"
::1 - - [30/Nov/2017:19:59:42 +0000] "POST /login HTTP/1.1" 500 37 "-" "PostmanRuntime/6.4.1"
::1 - - [30/Nov/2017:19:59:48 +0000] "POST /login HTTP/1.1" 500 37 "-" "PostmanRuntime/6.4.1"
::1 - - [30/Nov/2017:20:00:00 +0000] "POST /login HTTP/1.1" 500 37 "-" "PostmanRuntime/6.4.1"
::1 - - [30/Nov/2017:20:02:01 +0000] "POST /login HTTP/1.1" 500 37 "-" "PostmanRuntime/6.4.1"
::1 - - [30/Nov/2017:20:02:48 +0000] "POST /login HTTP/1.1" 500 37 "-" "PostmanRuntime/6.4.1"
::1 - - [30/Nov/2017:20:03:05 +0000] "POST /login HTTP/1.1" 500 37 "-" "PostmanRuntime/6.4.1"
::1 - - [30/Nov/2017:20:03:08 +0000] "POST /login HTTP/1.1" 500 37 "-" "PostmanRuntime/6.4.1"
::1 - - [30/Nov/2017:20:03:43 +0000] "POST /login HTTP/1.1" 500 2 "-" "PostmanRuntime/6.4.1"
::1 - - [30/Nov/2017:20:04:02 +0000] "POST /login HTTP/1.1" 500 2 "-" "PostmanRuntime/6.4.1"
::1 - - [30/Nov/2017:20:05:38 +0000] "POST /login HTTP/1.1" 500 2 "-" "PostmanRuntime/6.4.1"
::1 - - [30/Nov/2017:20:11:16 +0000] "POST /login HTTP/1.1" 200 195 "-" "PostmanRuntime/6.4.1"
::1 - - [30/Nov/2017:20:12:15 +0000] "POST /login HTTP/1.1" 500 2 "-" "PostmanRuntime/6.4.1"
::1 - - [30/Nov/2017:20:12:23 +0000] "POST /login HTTP/1.1" 500 2 "-" "PostmanRuntime/6.4.1"
::1 - - [30/Nov/2017:20:12:49 +0000] "POST /login HTTP/1.1" 500 2 "-" "PostmanRuntime/6.4.1"
::1 - - [30/Nov/2017:20:13:51 +0000] "POST /login HTTP/1.1" 500 - "-" "PostmanRuntime/6.4.1"
::1 - - [30/Nov/2017:20:14:09 +0000] "POST /login HTTP/1.1" 500 82 "-" "PostmanRuntime/6.4.1"
::1 - - [30/Nov/2017:20:33:15 +0000] "POST /login HTTP/1.1" 200 189 "-" "PostmanRuntime/6.4.1"
::1 - - [30/Nov/2017:22:20:19 +0000] "POST /adminlogin HTTP/1.1" 401 3416 "-" "PostmanRuntime/6.4.1"
::1 - - [30/Nov/2017:22:21:05 +0000] "POST /adminlogin HTTP/1.1" 200 203 "-" "PostmanRuntime/6.4.1"
::1 - - [30/Nov/2017:22:22:14 +0000] "POST /login HTTP/1.1" 200 207 "-" "PostmanRuntime/6.4.1"
::1 - - [30/Nov/2017:22:23:57 +0000] "GET /adminlogin HTTP/1.1" 200 463 "-" "PostmanRuntime/6.4.1"
::1 - - [30/Nov/2017:22:24:19 +0000] "GET /adminlogin HTTP/1.1" 200 463 "-" "PostmanRuntime/6.4.1"
::1 - - [30/Nov/2017:22:24:21 +0000] "GET /adminlogin HTTP/1.1" 200 463 "-" "PostmanRuntime/6.4.1"
::1 - - [30/Nov/2017:22:25:06 +0000] "GET /adminlogin HTTP/1.1" 500 32 "-" "PostmanRuntime/6.4.1"
::1 - - [30/Nov/2017:22:25:11 +0000] "GET /adminlogin HTTP/1.1" 500 32 "-" "PostmanRuntime/6.4.1"
::1 - - [30/Nov/2017:22:25:37 +0000] "GET /adminlogin HTTP/1.1" 500 32 "-" "PostmanRuntime/6.4.1"
::1 - - [30/Nov/2017:22:25:39 +0000] "GET /adminlogin HTTP/1.1" 500 32 "-" "PostmanRuntime/6.4.1"
::1 - - [30/Nov/2017:22:25:45 +0000] "GET /adminlogin HTTP/1.1" 500 32 "-" "PostmanRuntime/6.4.1"
::1 - - [30/Nov/2017:22:26:00 +0000] "GET /adminlogin HTTP/1.1" 500 32 "-" "PostmanRuntime/6.4.1"
::1 - - [30/Nov/2017:22:26:04 +0000] "GET /adminlogin HTTP/1.1" 500 32 "-" "PostmanRuntime/6.4.1"
::1 - - [30/Nov/2017:22:26:09 +0000] "GET /adminlogin HTTP/1.1" 500 32 "-" "PostmanRuntime/6.4.1"
::1 - - [30/Nov/2017:22:26:36 +0000] "GET /adminlogin HTTP/1.1" 500 32 "-" "PostmanRuntime/6.4.1"
::1 - - [30/Nov/2017:22:26:46 +0000] "GET /adminlogin HTTP/1.1" 500 32 "-" "PostmanRuntime/6.4.1"
::1 - - [30/Nov/2017:22:26:54 +0000] "POST /login HTTP/1.1" 200 207 "-" "PostmanRuntime/6.4.1"
::1 - - [30/Nov/2017:22:26:58 +0000] "POST /adminlogin HTTP/1.1" 200 203 "-" "PostmanRuntime/6.4.1"
::1 - - [30/Nov/2017:22:27:01 +0000] "GET /adminlogin HTTP/1.1" 500 32 "-" "PostmanRuntime/6.4.1"
::1 - - [30/Nov/2017:22:27:12 +0000] "GET /adminlogin HTTP/1.1" 500 32 "-" "PostmanRuntime/6.4.1"
::1 - - [30/Nov/2017:22:27:16 +0000] "GET /adminlogin HTTP/1.1" 500 32 "-" "PostmanRuntime/6.4.1"
::1 - - [30/Nov/2017:22:27:51 +0000] "GET /adminlogin HTTP/1.1" 200 661 "-" "PostmanRuntime/6.4.1"
::1 - - [30/Nov/2017:22:28:35 +0000] "GET /adminlogin HTTP/1.1" 500 32 "-" "PostmanRuntime/6.4.1"
::1 - - [30/Nov/2017:22:28:37 +0000] "GET /adminlogin HTTP/1.1" 500 32 "-" "PostmanRuntime/6.4.1"
::1 - - [30/Nov/2017:22:28:42 +0000] "GET /adminlogin HTTP/1.1" 500 32 "-" "PostmanRuntime/6.4.1"
::1 - - [30/Nov/2017:22:28:42 +0000] "GET /adminlogin HTTP/1.1" 500 32 "-" "PostmanRuntime/6.4.1"
::1 - - [30/Nov/2017:22:28:43 +0000] "GET /adminlogin HTTP/1.1" 500 32 "-" "PostmanRuntime/6.4.1"
::1 - - [30/Nov/2017:22:28:44 +0000] "GET /adminlogin HTTP/1.1" 500 32 "-" "PostmanRuntime/6.4.1"
::ffff:127.0.0.1 - - [30/Nov/2017:22:28:57 +0000] "GET /adminlogin HTTP/1.1" 200 661 "-" "PostmanRuntime/6.4.1"
::ffff:127.0.0.1 - - [30/Nov/2017:22:29:01 +0000] "GET /adminlogin HTTP/1.1" 200 661 "-" "PostmanRuntime/6.4.1"
::1 - - [30/Nov/2017:22:32:38 +0000] "GET /adminlogin HTTP/1.1" 200 661 "-" "PostmanRuntime/6.4.1"
::1 - - [05/Dec/2017:23:12:57 +0000] "GET /adminlogin/signIn HTTP/1.1" 401 3208 "-" "PostmanRuntime/6.4.1"
::1 - - [05/Dec/2017:23:13:42 +0000] "GET /adminlogin/signIn HTTP/1.1" 200 0 "-" "PostmanRuntime/6.4.1"
::1 - - [05/Dec/2017:23:13:53 +0000] "POST /adminlogin/signIn HTTP/1.1" 500 2 "-" "PostmanRuntime/6.4.1"
::1 - - [05/Dec/2017:23:14:12 +0000] "POST /adminlogin/signIn HTTP/1.1" 200 2 "-" "PostmanRuntime/6.4.1"
::1 - - [05/Dec/2017:23:14:35 +0000] "POST /adminlogin/signIn HTTP/1.1" 200 - "-" "PostmanRuntime/6.4.1"
::1 - - [05/Dec/2017:23:15:54 +0000] "POST /adminlogin/signIn HTTP/1.1" 200 - "-" "PostmanRuntime/6.4.1"
::1 - - [05/Dec/2017:23:17:44 +0000] "POST /adminlogin/signIn HTTP/1.1" 404 1345 "-" "PostmanRuntime/6.4.1"
::1 - - [05/Dec/2017:23:17:51 +0000] "POST /adminlogin/signIn HTTP/1.1" 404 1345 "-" "PostmanRuntime/6.4.1"
::1 - - [05/Dec/2017:23:18:10 +0000] "POST /adminlogin/signIn HTTP/1.1" 404 1345 "-" "PostmanRuntime/6.4.1"
::1 - - [05/Dec/2017:23:18:56 +0000] "POST /adminlogin/signIn HTTP/1.1" 404 1345 "-" "PostmanRuntime/6.4.1"
::1 - - [05/Dec/2017:23:19:33 +0000] "POST /adminlogin/signIn HTTP/1.1" 404 1345 "-" "PostmanRuntime/6.4.1"
::1 - - [05/Dec/2017:23:20:03 +0000] "POST /adminlogin/signIn HTTP/1.1" 404 1345 "-" "PostmanRuntime/6.4.1"
::1 - - [05/Dec/2017:23:21:15 +0000] "POST /adminlogin/signIn HTTP/1.1" 404 1345 "-" "PostmanRuntime/6.4.1"
::1 - - [05/Dec/2017:23:21:37 +0000] "POST /adminlogin/signIn HTTP/1.1" 404 1345 "-" "PostmanRuntime/6.4.1"
::1 - - [05/Dec/2017:23:22:41 +0000] "POST /adminlogin/signIn HTTP/1.1" 200 - "-" "PostmanRuntime/6.4.1"
::1 - - [05/Dec/2017:23:23:08 +0000] "POST /adminlogin/signIn HTTP/1.1" 200 - "-" "PostmanRuntime/6.4.1"
::1 - - [05/Dec/2017:23:25:03 +0000] "POST /adminlogin/signIn HTTP/1.1" 200 908 "-" "PostmanRuntime/6.4.1"
